Arguments: 
  C:\Program Files\nodejs\node.exe C:\Users\zhz\AppData\Roaming\npm\node_modules\yarn\bin\yarn.js add ioredis -S

PATH: 
  C:\Program Files (x86)\NetSarang\Xshell 6\;C:\WINDOWS\system32;C:\WINDOWS;C:\WINDOWS\System32\Wbem;C:\WINDOWS\System32\WindowsPowerShell\v1.0\;C:\Program Files\nodejs\;C:\Program Files\Git\cmd;C:\WINDOWS\System32\OpenSSH\;E:\Program Files\mysql-8.0.16-winx64\bin\;C:\Users\zhz\AppData\Local\Programs\Python\Python37\;C:\Users\zhz\AppData\Local\Programs\Python\python27\;C:\Users\zhz\AppData\Local\Programs\Python\Python37\Scripts\;C:\Users\zhz\AppData\Local\Programs\Python\Python27\Scripts\;D:\download\cmder;C:\Program Files\MongoDB\Server\4.2\bin;C:\Users\zhz\AppData\Local\Programs\Python\Python37\Scripts\;C:\Users\zhz\AppData\Local\Programs\Python\Python37\;C:\Users\zhz\AppData\Local\Microsoft\WindowsApps;C:\Users\zhz\AppData\Roaming\npm;C:\Users\zhz\AppData\Local\Programs\Microsoft VS Code\bin;C:\Users\zhz\AppData\Local\Programs\Fiddler;C:\Users\zhz\AppData\Local\Programs\Python\Python27\;C:\Users\zhz\AppData\Local\Programs\Python\Python27\Scripts\;;%USERPROFILE%\AppData\Local\Microsoft\WindowsApps

Yarn version: 
  1.17.3

Node version: 
  10.15.3

Platform: 
  win32 x64

Trace: 
  Error: ENOENT: no such file or directory, copyfile 'C:\Users\zhz\AppData\Local\Yarn\Cache\v4\npm-inherits-2.0.1-b17d08d326b4423e568eff719f91b0b1cbdf69f1\node_modules\inherits\inherits.js' -> 'G:\react\react-next-koa2\node_modules\assert\node_modules\inherits\inherits.js'

npm manifest: 
  {
    "name": "react-next-koa2",
    "version": "1.0.0",
    "description": "",
    "main": "index.js",
    "scripts": {
      "test": "echo \"Error: no test specified\" && exit 1",
      "dev": "node server.js",
      "build": "next build",
      "start": "next start"
    },
    "repository": {
      "type": "git",
      "url": "git+https://github.com/Har-zheng/react-next-koa2.git"
    },
    "author": "",
    "license": "ISC",
    "bugs": {
      "url": "https://github.com/Har-zheng/react-next-koa2/issues"
    },
    "homepage": "https://github.com/Har-zheng/react-next-koa2#readme",
    "dependencies": {
      "koa-router": "^7.4.0",
      "koa2": "^2.0.0-alpha.7",
      "next": "^9.1.1",
      "react": "^16.10.2",
      "react-dom": "^16.10.2"
    }
  }

yarn manifest: 
  No manifest

Lockfile: 
  # THIS IS AN AUTOGENERATED FILE. DO NOT EDIT THIS FILE DIRECTLY.
  # yarn lockfile v1
